<?xml version="1.0" encoding="UTF-8"?>
<!-- Generated by org.testng.reporters.JUnitReportReporter -->
<testsuite hostname="LAPTOP-LE4TTNII" failures="0" tests="1" name="com.webtest.demo.practice1116" time="25.272" errors="0" timestamp="16 11æœˆ 2018 01:55:51 GMT" skipped="0">
  <testcase classname="com.webtest.demo.practice1116" name="test1" time="25.272"/>
</testsuite> <!-- com.webtest.demo.practice1116 -->
