<?xml version="1.0" encoding="UTF-8"?>
<!-- Generated by org.testng.reporters.JUnitReportReporter -->
<testsuite hostname="LAPTOP-LE4TTNII" failures="0" tests="1" name="com.webtest.test.login_test" time="9.864" errors="0" timestamp="19 11æœˆ 2018 06:51:25 GMT" skipped="0">
  <testcase classname="com.webtest.test.login_test" name="test_success" time="9.864"/>
</testsuite> <!-- com.webtest.test.login_test -->
