<?xml version="1.0" encoding="UTF-8"?>
<!-- Generated by org.testng.reporters.JUnitReportReporter -->
<testsuite hostname="LAPTOP-LE4TTNII" failures="0" tests="1" name="com.webtest.demo.Front_Login1" time="0.000" errors="0" timestamp="12 10æœˆ 2018 02:18:00 GMT" skipped="1">
  <testcase classname="com.webtest.demo.Front_Login1" name="testSearch" time="0.000">
    <skipped/>
  </testcase> <!-- testSearch -->
</testsuite> <!-- com.webtest.demo.Front_Login1 -->
